<?xml version="1.0" encoding="UTF-8"?>
<!-- Generated by org.testng.reporters.JUnitXMLReporter -->
<testsuite hostname="ip-172-31-88-49" ignored="2" name="Test" tests="3" failures="0" timestamp="20 Dec 2021 05:35:36 GMT" time="4.932" errors="0">
  <testcase name="signupTest" time="0.845" classname="tests.SignUpPageTest"/>
  <testcase name="LoginTest" time="0.397" classname="tests.LoginPageTest"/>
  <testcase name="afterLogin" time="0.984" classname="tests.AfterLoginTest"/>
  <testcase name="@BeforeTest ReportSetup" time="0.0" classname="tests.Baseclass">
    <ignored/>
  </testcase> <!-- @BeforeTest ReportSetup -->
  <testcase name="@BeforeTest ReportSetup" time="0.0" classname="tests.Baseclass">
    <ignored/>
  </testcase> <!-- @BeforeTest ReportSetup -->
</testsuite> <!-- Test -->
